<?xml version="1.0" encoding="UTF-8"?>
<!-- Generated by org.testng.reporters.JUnitXMLReporter -->
<testsuite ignored="4" hostname="LAPTOP-ICP4TE3L" failures="1" tests="12" name="Default test" time="164.498" errors="0" timestamp="2021-08-12T02:42:20 IST">
  <testcase classname="com.selenium.mainproject.testClasses.ModuleTest" name="onlyNamefield" time="53.67">
    <failure type="org.openqa.selenium.UnhandledAlertException" message="unexpected alert open: {Alert text : Value is not set for the below field(s). Please enter the values and save:
•  Due Date in Details tab 
•  Card Owner in Details tab}
  (Session info: chrome=92.0.4515.131): Value is not set for the below field(s). Please enter the values and save:
•  Due Date in Details tab 
•  Card Owner in Details tab
Build info: version: &amp;apos;3.141.59&amp;apos;, revision: &amp;apos;e82be7d358&amp;apos;, time: &amp;apos;2018-11-14T08:17:03&amp;apos;
System info: host: &amp;apos;LAPTOP-ICP4TE3L&amp;apos;, ip: &amp;apos;172.28.112.1&amp;apos;, os.name: &amp;apos;Windows 10&amp;apos;, os.arch: &amp;apos;amd64&amp;apos;, os.version: &amp;apos;10.0&amp;apos;, java.version: &amp;apos;16&amp;apos;
Driver info: org.openqa.selenium.chrome.ChromeDriver
Capabilities {acceptInsecureCerts: false, browserName: chrome, browserVersion: 92.0.4515.131, chrome: {chromedriverVersion: 91.0.4472.101 (af52a90bf870..., userDataDir: C:\Users\Lenovo\AppData\Loc...}, goog:chromeOptions: {debuggerAddress: localhost:55670}, javascriptEnabled: true, networkConnectionEnabled: false, pageLoadStrategy: normal, platform: WINDOWS, platformName: WINDOWS, proxy: Proxy(), setWindowRect: true, strictFileInteractability: false, timeouts: {implicit: 0, pageLoad: 300000, script: 30000}, unhandledPromptBehavior: dismiss and notify, webauthn:extension:largeBlob: true, webauthn:virtualAuthenticators: true}
Session ID: cebc52eb0dc1562a758a6f10ed7c5499">
      <![CDATA[org.openqa.selenium.UnhandledAlertException: unexpected alert open: {Alert text : Value is not set for the below field(s). Please enter the values and save:
•  Due Date in Details tab 
•  Card Owner in Details tab}
  (Session info: chrome=92.0.4515.131): Value is not set for the below field(s). Please enter the values and save:
•  Due Date in Details tab 
•  Card Owner in Details tab
Build info: version: '3.141.59', revision: 'e82be7d358', time: '2018-11-14T08:17:03'
System info: host: 'LAPTOP-ICP4TE3L', ip: '172.28.112.1', os.name: 'Windows 10', os.arch: 'amd64', os.version: '10.0', java.version: '16'
Driver info: org.openqa.selenium.chrome.ChromeDriver
Capabilities {acceptInsecureCerts: false, browserName: chrome, browserVersion: 92.0.4515.131, chrome: {chromedriverVersion: 91.0.4472.101 (af52a90bf870..., userDataDir: C:\Users\Lenovo\AppData\Loc...}, goog:chromeOptions: {debuggerAddress: localhost:55670}, javascriptEnabled: true, networkConnectionEnabled: false, pageLoadStrategy: normal, platform: WINDOWS, platformName: WINDOWS, proxy: Proxy(), setWindowRect: true, strictFileInteractability: false, timeouts: {implicit: 0, pageLoad: 300000, script: 30000}, unhandledPromptBehavior: dismiss and notify, webauthn:extension:largeBlob: true, webauthn:virtualAuthenticators: true}
Session ID: cebc52eb0dc1562a758a6f10ed7c5499
at org.openqa.selenium.remote.http.W3CHttpResponseCodec.decode(W3CHttpResponseCodec.java:120)
at org.openqa.selenium.remote.http.W3CHttpResponseCodec.decode(W3CHttpResponseCodec.java:49)
at org.openqa.selenium.remote.HttpCommandExecutor.execute(HttpCommandExecutor.java:158)
at org.openqa.selenium.remote.service.DriverCommandExecutor.execute(DriverCommandExecutor.java:83)
at org.openqa.selenium.remote.RemoteWebDriver.execute(RemoteWebDriver.java:552)
at org.openqa.selenium.remote.RemoteWebDriver.executeScript(RemoteWebDriver.java:489)
at com.selenium.mainproject.pageClasses.UserStoriesPage.scrollUpWebPage(UserStoriesPage.java:204)
at com.selenium.mainproject.pageClasses.UserStoriesPage.clickSaveBtn(UserStoriesPage.java:160)
at com.selenium.mainproject.testClasses.ModuleTest.onlyNamefield(ModuleTest.java:140)
at java.base/jdk.internal.reflect.NativeMethodAccessorImpl.invoke0(Native Method)
at java.base/jdk.internal.reflect.NativeMethodAccessorImpl.invoke(NativeMethodAccessorImpl.java:78)
at java.base/jdk.internal.reflect.DelegatingMethodAccessorImpl.invoke(DelegatingMethodAccessorImpl.java:43)
at java.base/java.lang.reflect.Method.invoke(Method.java:567)
at org.testng.internal.MethodInvocationHelper.invokeMethod(MethodInvocationHelper.java:133)
at org.testng.internal.TestInvoker.invokeMethod(TestInvoker.java:598)
at org.testng.internal.TestInvoker.invokeTestMethod(TestInvoker.java:173)
at org.testng.internal.MethodRunner.runInSequence(MethodRunner.java:46)
at org.testng.internal.TestInvoker$MethodInvocationAgent.invoke(TestInvoker.java:824)
at org.testng.internal.TestInvoker.invokeTestMethods(TestInvoker.java:146)
at org.testng.internal.TestMethodWorker.invokeTestMethods(TestMethodWorker.java:146)
at org.testng.internal.TestMethodWorker.run(TestMethodWorker.java:128)
at java.base/java.util.ArrayList.forEach(ArrayList.java:1511)
at org.testng.TestRunner.privateRun(TestRunner.java:794)
at org.testng.TestRunner.run(TestRunner.java:596)
at org.testng.SuiteRunner.runTest(SuiteRunner.java:377)
at org.testng.SuiteRunner.runSequentially(SuiteRunner.java:371)
at org.testng.SuiteRunner.privateRun(SuiteRunner.java:332)
at org.testng.SuiteRunner.run(SuiteRunner.java:276)
at org.testng.SuiteRunnerWorker.runSuite(SuiteRunnerWorker.java:53)
at org.testng.SuiteRunnerWorker.run(SuiteRunnerWorker.java:96)
at org.testng.TestNG.runSuitesSequentially(TestNG.java:1212)
at org.testng.TestNG.runSuitesLocally(TestNG.java:1134)
at org.testng.TestNG.runSuites(TestNG.java:1063)
at org.testng.TestNG.run(TestNG.java:1031)
at org.testng.remote.AbstractRemoteTestNG.run(AbstractRemoteTestNG.java:115)
at org.testng.remote.RemoteTestNG.initAndRun(RemoteTestNG.java:251)
at org.testng.remote.RemoteTestNG.main(RemoteTestNG.java:77)
]]>
    </failure>
  </testcase> <!-- onlyNamefield -->
  <testcase classname="com.selenium.mainproject.testClasses.ModuleTest" name="testModule" time="9.323"/>
  <testcase classname="com.selenium.mainproject.testClasses.ModuleTest" name="testDescription" time="1.021"/>
  <testcase classname="com.selenium.mainproject.testClasses.ModuleTest" name="testAcceptance" time="0.411"/>
  <testcase classname="com.selenium.mainproject.testClasses.ModuleTest" name="testUserType" time="5.299"/>
  <testcase classname="com.selenium.mainproject.testClasses.ModuleTest" name="testStoryPoints" time="1.046"/>
  <testcase classname="com.selenium.mainproject.testClasses.ModuleTest" name="testResourceGroup" time="6.007"/>
  <testcase classname="com.selenium.mainproject.testClasses.ModuleTest" name="testTheme" time="1.645"/>
  <testcase classname="com.selenium.mainproject.testClasses.ModuleTest" name="testRank" time="1.005"/>
  <testcase classname="com.selenium.mainproject.testClasses.ModuleTest" name="testPriority" time="1.171"/>
  <testcase classname="com.selenium.mainproject.testClasses.ModuleTest" name="testEndDate" time="1.095"/>
  <testcase classname="com.selenium.mainproject.testClasses.ModuleTest" name="verifyPriority" time="0.113"/>
  <testcase classname="com.selenium.mainproject.testClasses.ModuleTest" name="verifyState" time="0.0">
    <ignored/>
  </testcase> <!-- verifyState -->
  <testcase classname="com.selenium.mainproject.testClasses.ModuleTest" name="verifyUserStory" time="0.0">
    <ignored/>
  </testcase> <!-- verifyUserStory -->
  <testcase classname="com.selenium.mainproject.testClasses.ModuleTest" name="verifySize" time="0.0">
    <ignored/>
  </testcase> <!-- verifySize -->
  <testcase classname="com.selenium.mainproject.testClasses.ModuleTest" name="nameAndDate" time="0.0">
    <ignored/>
  </testcase> <!-- nameAndDate -->
</testsuite> <!-- Default test -->
