<?xml version="1.0" encoding="UTF-8"?>
<!-- Generated by org.testng.reporters.JUnitXMLReporter -->
<testsuite ignored="1" hostname="User" failures="1" tests="11" name="Test" time="222.874" errors="0" timestamp="2021-08-11T19:31:04 IST">
  <testcase classname="com.selenium.mainproject.testClasses.ModuleTest" name="onlyNamefield" time="55.206">
    <failure type="org.openqa.selenium.UnhandledAlertException" message="unexpected alert open: {Alert text : Value is not set for the below field(s). Please enter the values and save:
•  Due Date in Details tab 
•  Card Owner in Details tab}
  (Session info: chrome=92.0.4515.131): Value is not set for the below field(s). Please enter the values and save:
•  Due Date in Details tab 
•  Card Owner in Details tab
Build info: version: &amp;apos;3.141.59&amp;apos;, revision: &amp;apos;e82be7d358&amp;apos;, time: &amp;apos;2018-11-14T08:17:03&amp;apos;
System info: host: &amp;apos;USER&amp;apos;, ip: &amp;apos;192.168.43.93&amp;apos;, os.name: &amp;apos;Windows 8.1&amp;apos;, os.arch: &amp;apos;amd64&amp;apos;, os.version: &amp;apos;6.3&amp;apos;, java.version: &amp;apos;15.0.2&amp;apos;
Driver info: org.openqa.selenium.chrome.ChromeDriver
Capabilities {acceptInsecureCerts: false, browserName: chrome, browserVersion: 92.0.4515.131, chrome: {chromedriverVersion: 91.0.4472.101 (af52a90bf870..., userDataDir: C:\Users\Anisha\AppData\Loc...}, goog:chromeOptions: {debuggerAddress: localhost:54152}, javascriptEnabled: true, networkConnectionEnabled: false, pageLoadStrategy: normal, platform: WINDOWS, platformName: WINDOWS, proxy: Proxy(), setWindowRect: true, strictFileInteractability: false, timeouts: {implicit: 0, pageLoad: 300000, script: 30000}, unhandledPromptBehavior: dismiss and notify, webauthn:extension:largeBlob: true, webauthn:virtualAuthenticators: true}
Session ID: 7fac321e0692330e1d1f6c795787e3a7">
      <![CDATA[org.openqa.selenium.UnhandledAlertException: unexpected alert open: {Alert text : Value is not set for the below field(s). Please enter the values and save:
•  Due Date in Details tab 
•  Card Owner in Details tab}
  (Session info: chrome=92.0.4515.131): Value is not set for the below field(s). Please enter the values and save:
•  Due Date in Details tab 
•  Card Owner in Details tab
Build info: version: '3.141.59', revision: 'e82be7d358', time: '2018-11-14T08:17:03'
System info: host: 'USER', ip: '192.168.43.93', os.name: 'Windows 8.1', os.arch: 'amd64', os.version: '6.3', java.version: '15.0.2'
Driver info: org.openqa.selenium.chrome.ChromeDriver
Capabilities {acceptInsecureCerts: false, browserName: chrome, browserVersion: 92.0.4515.131, chrome: {chromedriverVersion: 91.0.4472.101 (af52a90bf870..., userDataDir: C:\Users\Anisha\AppData\Loc...}, goog:chromeOptions: {debuggerAddress: localhost:54152}, javascriptEnabled: true, networkConnectionEnabled: false, pageLoadStrategy: normal, platform: WINDOWS, platformName: WINDOWS, proxy: Proxy(), setWindowRect: true, strictFileInteractability: false, timeouts: {implicit: 0, pageLoad: 300000, script: 30000}, unhandledPromptBehavior: dismiss and notify, webauthn:extension:largeBlob: true, webauthn:virtualAuthenticators: true}
Session ID: 7fac321e0692330e1d1f6c795787e3a7
at org.openqa.selenium.remote.http.W3CHttpResponseCodec.decode(W3CHttpResponseCodec.java:120)
at org.openqa.selenium.remote.http.W3CHttpResponseCodec.decode(W3CHttpResponseCodec.java:49)
at org.openqa.selenium.remote.HttpCommandExecutor.execute(HttpCommandExecutor.java:158)
at org.openqa.selenium.remote.service.DriverCommandExecutor.execute(DriverCommandExecutor.java:83)
at org.openqa.selenium.remote.RemoteWebDriver.execute(RemoteWebDriver.java:552)
at org.openqa.selenium.remote.RemoteWebDriver.executeScript(RemoteWebDriver.java:489)
at com.selenium.mainproject.pageClasses.UserStoriesPage.scrollUpWebPage(UserStoriesPage.java:204)
at com.selenium.mainproject.pageClasses.UserStoriesPage.clickSaveBtn(UserStoriesPage.java:160)
at com.selenium.mainproject.testClasses.ModuleTest.onlyNamefield(ModuleTest.java:135)
at java.base/java.util.ArrayList.forEach(ArrayList.java:1511)
... Removed 27 stack frames]]>
    </failure>
  </testcase> <!-- onlyNamefield -->
  <testcase classname="com.selenium.mainproject.testClasses.ModuleTest" name="testModule" time="16.721"/>
  <testcase classname="com.selenium.mainproject.testClasses.ModuleTest" name="testDescription" time="2.267"/>
  <testcase classname="com.selenium.mainproject.testClasses.ModuleTest" name="testAcceptance" time="0.445"/>
  <testcase classname="com.selenium.mainproject.testClasses.ModuleTest" name="testUserType" time="13.512"/>
  <testcase classname="com.selenium.mainproject.testClasses.ModuleTest" name="testStoryPoints" time="2.089"/>
  <testcase classname="com.selenium.mainproject.testClasses.ModuleTest" name="testResourceGroup" time="18.36"/>
  <testcase classname="com.selenium.mainproject.testClasses.ModuleTest" name="testTheme" time="3.027"/>
  <testcase classname="com.selenium.mainproject.testClasses.ModuleTest" name="testRank" time="1.876"/>
  <testcase classname="com.selenium.mainproject.testClasses.ModuleTest" name="testPriority" time="23.958"/>
  <testcase classname="com.selenium.mainproject.testClasses.ModuleTest" name="testEndDate" time="2.145"/>
  <testcase classname="com.selenium.mainproject.testClasses.ModuleTest" name="nameAndDate" time="0.0">
    <ignored/>
  </testcase> <!-- nameAndDate -->
</testsuite> <!-- Test -->
