<?xml version="1.0" encoding="UTF-8"?>
<!-- Generated by org.testng.reporters.JUnitXMLReporter -->
<testsuite ignored="4" hostname="DESKTOP-S8DN252" failures="1" tests="12" name="Test" time="215.21" errors="0" timestamp="2021-08-12T03:20:14 IST">
  <testcase classname="com.selenium.mainproject.testClasses.ModuleTest" name="onlyNamefield" time="59.79">
    <failure type="org.openqa.selenium.UnhandledAlertException" message="unexpected alert open: {Alert text : Value is not set for the below field(s). Please enter the values and save:
•  Due Date in Details tab 
•  Card Owner in Details tab}
  (Session info: chrome=92.0.4515.131): Value is not set for the below field(s). Please enter the values and save:
•  Due Date in Details tab 
•  Card Owner in Details tab
Build info: version: &amp;apos;3.141.59&amp;apos;, revision: &amp;apos;e82be7d358&amp;apos;, time: &amp;apos;2018-11-14T08:17:03&amp;apos;
System info: host: &amp;apos;DESKTOP-S8DN252&amp;apos;, ip: &amp;apos;192.168.0.106&amp;apos;, os.name: &amp;apos;Windows 10&amp;apos;, os.arch: &amp;apos;amd64&amp;apos;, os.version: &amp;apos;10.0&amp;apos;, java.version: &amp;apos;15.0.2&amp;apos;
Driver info: org.openqa.selenium.chrome.ChromeDriver
Capabilities {acceptInsecureCerts: false, browserName: chrome, browserVersion: 92.0.4515.131, chrome: {chromedriverVersion: 91.0.4472.101 (af52a90bf870..., userDataDir: C:\Users\SR_USE~1\AppData\L...}, goog:chromeOptions: {debuggerAddress: localhost:60964}, javascriptEnabled: true, networkConnectionEnabled: false, pageLoadStrategy: normal, platform: WINDOWS, platformName: WINDOWS, proxy: Proxy(), setWindowRect: true, strictFileInteractability: false, timeouts: {implicit: 0, pageLoad: 300000, script: 30000}, unhandledPromptBehavior: dismiss and notify, webauthn:extension:largeBlob: true, webauthn:virtualAuthenticators: true}
Session ID: 8fe5bda454509b7c282090a4a5e51dc5">
      <![CDATA[org.openqa.selenium.UnhandledAlertException: unexpected alert open: {Alert text : Value is not set for the below field(s). Please enter the values and save:
•  Due Date in Details tab 
•  Card Owner in Details tab}
  (Session info: chrome=92.0.4515.131): Value is not set for the below field(s). Please enter the values and save:
•  Due Date in Details tab 
•  Card Owner in Details tab
Build info: version: '3.141.59', revision: 'e82be7d358', time: '2018-11-14T08:17:03'
System info: host: 'DESKTOP-S8DN252', ip: '192.168.0.106', os.name: 'Windows 10', os.arch: 'amd64', os.version: '10.0', java.version: '15.0.2'
Driver info: org.openqa.selenium.chrome.ChromeDriver
Capabilities {acceptInsecureCerts: false, browserName: chrome, browserVersion: 92.0.4515.131, chrome: {chromedriverVersion: 91.0.4472.101 (af52a90bf870..., userDataDir: C:\Users\SR_USE~1\AppData\L...}, goog:chromeOptions: {debuggerAddress: localhost:60964}, javascriptEnabled: true, networkConnectionEnabled: false, pageLoadStrategy: normal, platform: WINDOWS, platformName: WINDOWS, proxy: Proxy(), setWindowRect: true, strictFileInteractability: false, timeouts: {implicit: 0, pageLoad: 300000, script: 30000}, unhandledPromptBehavior: dismiss and notify, webauthn:extension:largeBlob: true, webauthn:virtualAuthenticators: true}
Session ID: 8fe5bda454509b7c282090a4a5e51dc5
at org.openqa.selenium.remote.http.W3CHttpResponseCodec.decode(W3CHttpResponseCodec.java:120)
at org.openqa.selenium.remote.http.W3CHttpResponseCodec.decode(W3CHttpResponseCodec.java:49)
at org.openqa.selenium.remote.HttpCommandExecutor.execute(HttpCommandExecutor.java:158)
at org.openqa.selenium.remote.service.DriverCommandExecutor.execute(DriverCommandExecutor.java:83)
at org.openqa.selenium.remote.RemoteWebDriver.execute(RemoteWebDriver.java:552)
at org.openqa.selenium.remote.RemoteWebDriver.executeScript(RemoteWebDriver.java:489)
at com.selenium.mainproject.pageClasses.UserStoriesPage.scrollUpWebPage(UserStoriesPage.java:189)
at com.selenium.mainproject.pageClasses.UserStoriesPage.clickSaveBtn(UserStoriesPage.java:145)
at com.selenium.mainproject.testClasses.ModuleTest.onlyNamefield(ModuleTest.java:140)
at java.base/java.util.ArrayList.forEach(ArrayList.java:1511)
... Removed 27 stack frames]]>
    </failure>
  </testcase> <!-- onlyNamefield -->
  <testcase classname="com.selenium.mainproject.testClasses.ModuleTest" name="testModule" time="12.499"/>
  <testcase classname="com.selenium.mainproject.testClasses.ModuleTest" name="testDescription" time="1.67"/>
  <testcase classname="com.selenium.mainproject.testClasses.ModuleTest" name="testAcceptance" time="9.712"/>
  <testcase classname="com.selenium.mainproject.testClasses.ModuleTest" name="testUserType" time="1.849"/>
  <testcase classname="com.selenium.mainproject.testClasses.ModuleTest" name="testStoryPoints" time="9.524"/>
  <testcase classname="com.selenium.mainproject.testClasses.ModuleTest" name="testResourceGroup" time="1.296"/>
  <testcase classname="com.selenium.mainproject.testClasses.ModuleTest" name="testTheme" time="10.295"/>
  <testcase classname="com.selenium.mainproject.testClasses.ModuleTest" name="testRank" time="1.674"/>
  <testcase classname="com.selenium.mainproject.testClasses.ModuleTest" name="testPriority" time="9.913"/>
  <testcase classname="com.selenium.mainproject.testClasses.ModuleTest" name="testEndDate" time="8.276"/>
  <testcase classname="com.selenium.mainproject.testClasses.ModuleTest" name="verifyPriority" time="0.214"/>
  <testcase classname="com.selenium.mainproject.testClasses.ModuleTest" name="verifyState" time="0.0">
    <ignored/>
  </testcase> <!-- verifyState -->
  <testcase classname="com.selenium.mainproject.testClasses.ModuleTest" name="verifyUserStory" time="0.0">
    <ignored/>
  </testcase> <!-- verifyUserStory -->
  <testcase classname="com.selenium.mainproject.testClasses.ModuleTest" name="verifySize" time="0.0">
    <ignored/>
  </testcase> <!-- verifySize -->
  <testcase classname="com.selenium.mainproject.testClasses.ModuleTest" name="nameAndDate" time="0.0">
    <ignored/>
  </testcase> <!-- nameAndDate -->
</testsuite> <!-- Test -->
