<?xml version="1.0" encoding="UTF-8"?>
<!-- Generated by org.testng.reporters.JUnitReportReporter -->
<testsuite hostname="LAPTOP-ICP4TE3L" failures="0" tests="16" name="com.selenium.mainproject.testClasses.ModuleTest1" time="82.261" errors="1" timestamp="2021-08-12T00:54:40 IST" skipped="4">
  <testcase classname="com.selenium.mainproject.testClasses.ModuleTest1" name="onlyNamefield" time="53.081">
    <error message="unexpected alert open: {Alert text : Value is not set for the below field(s). Please enter the values and save:
•  Due Date in Details tab 
•  Card Owner in Details tab}
  (Session info: chrome=92.0.4515.131): Value is not set for the below field(s). Please enter the values and save:
•  Due Date in Details tab 
•  Card Owner in Details tab
Build info: version: &#039;3.141.59&#039;, revision: &#039;e82be7d358&#039;, time: &#039;2018-11-14T08:17:03&#039;
System info: host: &#039;LAPTOP-ICP4TE3L&#039;, ip: &#039;172.28.112.1&#039;, os.name: &#039;Windows 10&#039;, os.arch: &#039;amd64&#039;, os.version: &#039;10.0&#039;, java.version: &#039;16&#039;
Driver info: org.openqa.selenium.chrome.ChromeDriver
Capabilities {acceptInsecureCerts: false, browserName: chrome, browserVersion: 92.0.4515.131, chrome: {chromedriverVersion: 91.0.4472.101 (af52a90bf870..., userDataDir: C:\Users\Lenovo\AppData\Loc...}, goog:chromeOptions: {debuggerAddress: localhost:55887}, javascriptEnabled: true, networkConnectionEnabled: false, pageLoadStrategy: normal, platform: WINDOWS, platformName: WINDOWS, proxy: Proxy(), setWindowRect: true, strictFileInteractability: false, timeouts: {implicit: 0, pageLoad: 300000, script: 30000}, unhandledPromptBehavior: dismiss and notify, webauthn:extension:largeBlob: true, webauthn:virtualAuthenticators: true}
Session ID: 3a1eeb5c3fd1866cbec7bd1ce885d594" type="org.openqa.selenium.UnhandledAlertException">
      <![CDATA[org.openqa.selenium.UnhandledAlertException: unexpected alert open: {Alert text : Value is not set for the below field(s). Please enter the values and save:
•  Due Date in Details tab 
•  Card Owner in Details tab}
  (Session info: chrome=92.0.4515.131): Value is not set for the below field(s). Please enter the values and save:
•  Due Date in Details tab 
•  Card Owner in Details tab
Build info: version: '3.141.59', revision: 'e82be7d358', time: '2018-11-14T08:17:03'
System info: host: 'LAPTOP-ICP4TE3L', ip: '172.28.112.1', os.name: 'Windows 10', os.arch: 'amd64', os.version: '10.0', java.version: '16'
Driver info: org.openqa.selenium.chrome.ChromeDriver
Capabilities {acceptInsecureCerts: false, browserName: chrome, browserVersion: 92.0.4515.131, chrome: {chromedriverVersion: 91.0.4472.101 (af52a90bf870..., userDataDir: C:\Users\Lenovo\AppData\Loc...}, goog:chromeOptions: {debuggerAddress: localhost:55887}, javascriptEnabled: true, networkConnectionEnabled: false, pageLoadStrategy: normal, platform: WINDOWS, platformName: WINDOWS, proxy: Proxy(), setWindowRect: true, strictFileInteractability: false, timeouts: {implicit: 0, pageLoad: 300000, script: 30000}, unhandledPromptBehavior: dismiss and notify, webauthn:extension:largeBlob: true, webauthn:virtualAuthenticators: true}
Session ID: 3a1eeb5c3fd1866cbec7bd1ce885d594
at org.openqa.selenium.remote.http.W3CHttpResponseCodec.decode(W3CHttpResponseCodec.java:120)
at org.openqa.selenium.remote.http.W3CHttpResponseCodec.decode(W3CHttpResponseCodec.java:49)
at org.openqa.selenium.remote.HttpCommandExecutor.execute(HttpCommandExecutor.java:158)
at org.openqa.selenium.remote.service.DriverCommandExecutor.execute(DriverCommandExecutor.java:83)
at org.openqa.selenium.remote.RemoteWebDriver.execute(RemoteWebDriver.java:552)
at org.openqa.selenium.remote.RemoteWebDriver.executeScript(RemoteWebDriver.java:489)
at com.selenium.mainproject.pageClasses.UserStoriesPage.scrollUpWebPage(UserStoriesPage.java:204)
at com.selenium.mainproject.pageClasses.UserStoriesPage.clickSaveBtn(UserStoriesPage.java:160)
at com.selenium.mainproject.testClasses.ModuleTest1.onlyNamefield(ModuleTest1.java:139)
at java.base/jdk.internal.reflect.NativeMethodAccessorImpl.invoke0(Native Method)
at java.base/jdk.internal.reflect.NativeMethodAccessorImpl.invoke(NativeMethodAccessorImpl.java:78)
at java.base/jdk.internal.reflect.DelegatingMethodAccessorImpl.invoke(DelegatingMethodAccessorImpl.java:43)
at java.base/java.lang.reflect.Method.invoke(Method.java:567)
at org.testng.internal.MethodInvocationHelper.invokeMethod(MethodInvocationHelper.java:133)
at org.testng.internal.TestInvoker.invokeMethod(TestInvoker.java:598)
at org.testng.internal.TestInvoker.invokeTestMethod(TestInvoker.java:173)
at org.testng.internal.MethodRunner.runInSequence(MethodRunner.java:46)
at org.testng.internal.TestInvoker$MethodInvocationAgent.invoke(TestInvoker.java:824)
at org.testng.internal.TestInvoker.invokeTestMethods(TestInvoker.java:146)
at org.testng.internal.TestMethodWorker.invokeTestMethods(TestMethodWorker.java:146)
at org.testng.internal.TestMethodWorker.run(TestMethodWorker.java:128)
at java.base/java.util.ArrayList.forEach(ArrayList.java:1511)
at org.testng.TestRunner.privateRun(TestRunner.java:794)
at org.testng.TestRunner.run(TestRunner.java:596)
at org.testng.SuiteRunner.runTest(SuiteRunner.java:377)
at org.testng.SuiteRunner.runSequentially(SuiteRunner.java:371)
at org.testng.SuiteRunner.privateRun(SuiteRunner.java:332)
at org.testng.SuiteRunner.run(SuiteRunner.java:276)
at org.testng.SuiteRunnerWorker.runSuite(SuiteRunnerWorker.java:53)
at org.testng.SuiteRunnerWorker.run(SuiteRunnerWorker.java:96)
at org.testng.TestNG.runSuitesSequentially(TestNG.java:1212)
at org.testng.TestNG.runSuitesLocally(TestNG.java:1134)
at org.testng.TestNG.runSuites(TestNG.java:1063)
at org.testng.TestNG.run(TestNG.java:1031)
at org.testng.remote.AbstractRemoteTestNG.run(AbstractRemoteTestNG.java:115)
at org.testng.remote.RemoteTestNG.initAndRun(RemoteTestNG.java:251)
at org.testng.remote.RemoteTestNG.main(RemoteTestNG.java:77)
]]>
    </error>
  </testcase> <!-- onlyNamefield -->
  <system-out/>
  <testcase classname="com.selenium.mainproject.testClasses.ModuleTest1" name="testModule" time="8.592"/>
  <system-out/>
  <testcase classname="com.selenium.mainproject.testClasses.ModuleTest1" name="testDescription" time="0.980"/>
  <system-out/>
  <testcase classname="com.selenium.mainproject.testClasses.ModuleTest1" name="testAcceptance" time="0.414"/>
  <system-out/>
  <testcase classname="com.selenium.mainproject.testClasses.ModuleTest1" name="testUserType" time="6.206"/>
  <system-out/>
  <testcase classname="com.selenium.mainproject.testClasses.ModuleTest1" name="testStoryPoints" time="0.932"/>
  <system-out/>
  <testcase classname="com.selenium.mainproject.testClasses.ModuleTest1" name="testResourceGroup" time="6.317"/>
  <system-out/>
  <testcase classname="com.selenium.mainproject.testClasses.ModuleTest1" name="testTheme" time="1.773"/>
  <system-out/>
  <testcase classname="com.selenium.mainproject.testClasses.ModuleTest1" name="testRank" time="0.906"/>
  <system-out/>
  <testcase classname="com.selenium.mainproject.testClasses.ModuleTest1" name="testPriority" time="0.940"/>
  <system-out/>
  <testcase classname="com.selenium.mainproject.testClasses.ModuleTest1" name="testEndDate" time="2.005"/>
  <system-out/>
  <testcase classname="com.selenium.mainproject.testClasses.ModuleTest1" name="verifyPriority" time="0.115"/>
  <system-out/>
  <testcase classname="com.selenium.mainproject.testClasses.ModuleTest1" name="verifyState">
    <skipped/>
  </testcase> <!-- verifyState -->
  <system-out/>
  <testcase classname="com.selenium.mainproject.testClasses.ModuleTest1" name="nameAndDate">
    <skipped/>
  </testcase> <!-- nameAndDate -->
  <system-out/>
  <testcase classname="com.selenium.mainproject.testClasses.ModuleTest1" name="verifySize">
    <skipped/>
  </testcase> <!-- verifySize -->
  <system-out/>
  <testcase classname="com.selenium.mainproject.testClasses.ModuleTest1" name="verifyUserStory">
    <skipped/>
  </testcase> <!-- verifyUserStory -->
  <system-out/>
</testsuite> <!-- com.selenium.mainproject.testClasses.ModuleTest1 -->
